<?xml version="1.0" encoding="UTF-8"?>
<!-- Generated by org.testng.reporters.JUnitReportReporter -->
<testsuite skipped="0" hostname="DESKTOP-U4TDB48" name="com.practicejava.Test38" tests="1" failures="0" timestamp="2021-03-22T11:22:43 IST" time="0.011" errors="0">
  <testcase name="multiplication" time="0.011" classname="com.practicejava.Test38"/>
  <system-out/>
</testsuite> <!-- com.practicejava.Test38 -->
