<?xml version="1.0" encoding="UTF-8"?>
<!-- Generated by org.testng.reporters.JUnitReportReporter -->
<testsuite skipped="0" hostname="DESKTOP-U4TDB48" name="com.practicejava.Testcase18" tests="1" failures="0" timestamp="2021-03-17T12:02:59 IST" time="0.014" errors="0">
  <testcase name="swap" time="0.014" classname="com.practicejava.Testcase18"/>
  <system-out/>
</testsuite> <!-- com.practicejava.Testcase18 -->
