<?xml version="1.0" encoding="UTF-8"?>
<!-- Generated by org.testng.reporters.JUnitReportReporter -->
<testsuite skipped="0" hostname="DESKTOP-U4TDB48" name="com.practicejava.Test32" tests="2" failures="0" timestamp="2021-03-18T11:43:56 IST" time="0.014" errors="0">
  <testcase name="reverseonlywordss" time="0.002" classname="com.practicejava.Test32"/>
  <system-out/>
  <testcase name="reverseonlywords" time="0.012" classname="com.practicejava.Test32"/>
  <system-out/>
</testsuite> <!-- com.practicejava.Test32 -->
