<?xml version="1.0" encoding="UTF-8"?>
<!-- Generated by org.testng.reporters.JUnitReportReporter -->
<testsuite skipped="0" hostname="DESKTOP-U4TDB48" name="com.practicejava.Test40" tests="2" failures="0" timestamp="2021-03-22T11:42:03 IST" time="0.013" errors="0">
  <testcase name="printoddnumber" time="0.003" classname="com.practicejava.Test40"/>
  <system-out/>
  <testcase name="printodd" time="0.010" classname="com.practicejava.Test40"/>
  <system-out/>
</testsuite> <!-- com.practicejava.Test40 -->
