<?xml version="1.0" encoding="UTF-8"?>
<!-- Generated by org.testng.reporters.JUnitReportReporter -->
<testsuite skipped="0" hostname="DESKTOP-U4TDB48" name="com.practicejava.Test33" tests="1" failures="0" timestamp="2021-03-18T20:29:03 IST" time="0.010" errors="0">
  <testcase name="sample" time="0.010" classname="com.practicejava.Test33"/>
  <system-out/>
</testsuite> <!-- com.practicejava.Test33 -->
