<?xml version="1.0" encoding="UTF-8"?>
<!-- Generated by org.testng.reporters.JUnitReportReporter -->
<testsuite skipped="0" hostname="DESKTOP-U4TDB48" name="com.practicejava.Test34" tests="1" failures="0" timestamp="2021-03-18T21:56:33 IST" time="0.011" errors="0">
  <testcase name="alernatecapital" time="0.011" classname="com.practicejava.Test34"/>
  <system-out/>
</testsuite> <!-- com.practicejava.Test34 -->
