<?xml version="1.0" encoding="UTF-8"?>
<!-- Generated by org.testng.reporters.JUnitReportReporter -->
<testsuite skipped="0" hostname="DESKTOP-U4TDB48" name="com.practicejava.Test27" tests="1" failures="0" timestamp="2021-03-18T08:39:46 IST" time="0.012" errors="0">
  <testcase name="palindrome" time="0.012" classname="com.practicejava.Test27"/>
  <system-out/>
</testsuite> <!-- com.practicejava.Test27 -->
