<?xml version="1.0" encoding="UTF-8"?>
<!-- Generated by org.testng.reporters.JUnitReportReporter -->
<testsuite skipped="0" hostname="DESKTOP-U4TDB48" name="com.practicejava.Test13" tests="1" failures="0" timestamp="2021-03-16T16:55:03 IST" time="0.012" errors="0">
  <testcase name="reversethewordsinagivenString" time="0.012" classname="com.practicejava.Test13"/>
  <system-out/>
</testsuite> <!-- com.practicejava.Test13 -->
