<?xml version="1.0" encoding="UTF-8"?>
<!-- Generated by org.testng.reporters.JUnitReportReporter -->
<testsuite skipped="0" hostname="DESKTOP-U4TDB48" name="com.practicejava.Test35" tests="1" failures="0" timestamp="2021-03-18T22:17:23 IST" time="0.009" errors="0">
  <testcase name="alernatecapital" time="0.009" classname="com.practicejava.Test35"/>
  <system-out/>
</testsuite> <!-- com.practicejava.Test35 -->
