<?xml version="1.0" encoding="UTF-8"?>
<!-- Generated by org.testng.reporters.JUnitReportReporter -->
<testsuite skipped="0" hostname="DESKTOP-U4TDB48" name="com.practicejava.Test19" tests="1" failures="0" timestamp="2021-03-17T16:51:04 IST" time="0.011" errors="0">
  <testcase name="removeduplicate" time="0.011" classname="com.practicejava.Test19"/>
  <system-out/>
</testsuite> <!-- com.practicejava.Test19 -->
