<?xml version="1.0" encoding="UTF-8"?>
<!-- Generated by org.testng.reporters.JUnitReportReporter -->
<testsuite skipped="0" hostname="DESKTOP-U4TDB48" name="com.practicejava.Test16" tests="2" failures="0" timestamp="2021-03-17T14:30:13 IST" time="0.011" errors="0">
  <testcase name="switchwords" time="0.009" classname="com.practicejava.Test16"/>
  <system-out/>
  <testcase name="switchingwords" time="0.002" classname="com.practicejava.Test16"/>
  <system-out/>
</testsuite> <!-- com.practicejava.Test16 -->
