<?xml version="1.0" encoding="UTF-8"?>
<!-- Generated by org.testng.reporters.JUnitReportReporter -->
<testsuite skipped="0" hostname="DESKTOP-U4TDB48" name="com.practicejava.Test41" tests="1" failures="0" timestamp="2021-03-22T21:46:31 IST" time="0.015" errors="0">
  <testcase name="printnumberandsevennwords" time="0.015" classname="com.practicejava.Test41"/>
  <system-out/>
</testsuite> <!-- com.practicejava.Test41 -->
