<?xml version="1.0" encoding="UTF-8"?>
<!-- Generated by org.testng.reporters.JUnitReportReporter -->
<testsuite skipped="0" hostname="DESKTOP-U4TDB48" name="com.practicejava.Test26" tests="1" failures="0" timestamp="2021-03-17T23:58:22 IST" time="0.011" errors="0">
  <testcase name="removespace" time="0.011" classname="com.practicejava.Test26"/>
  <system-out/>
</testsuite> <!-- com.practicejava.Test26 -->
