<?xml version="1.0" encoding="UTF-8"?>
<!-- Generated by org.testng.reporters.JUnitReportReporter -->
<testsuite skipped="0" hostname="DESKTOP-U4TDB48" name="com.practicejava.Test22" tests="1" failures="0" timestamp="2021-03-17T17:48:24 IST" time="0.009" errors="0">
  <testcase name="segregate" time="0.009" classname="com.practicejava.Test22"/>
  <system-out/>
</testsuite> <!-- com.practicejava.Test22 -->
