<?xml version="1.0" encoding="UTF-8"?>
<!-- Generated by org.testng.reporters.JUnitReportReporter -->
<testsuite skipped="0" hostname="DESKTOP-U4TDB48" name="com.practicejava.Test31" tests="2" failures="0" timestamp="2021-03-18T11:14:27 IST" time="0.011" errors="0">
  <testcase name="lowertoupperr" time="0.001" classname="com.practicejava.Test31"/>
  <system-out/>
  <testcase name="lowertoupper" time="0.010" classname="com.practicejava.Test31"/>
  <system-out/>
</testsuite> <!-- com.practicejava.Test31 -->
