<?xml version="1.0" encoding="UTF-8"?>
<!-- Generated by org.testng.reporters.JUnitReportReporter -->
<testsuite skipped="0" hostname="DESKTOP-U4TDB48" name="com.practicejava.Test7" tests="1" failures="0" timestamp="2021-03-16T13:31:18 IST" time="0.011" errors="0">
  <testcase name="reverse" time="0.011" classname="com.practicejava.Test7"/>
  <system-out/>
</testsuite> <!-- com.practicejava.Test7 -->
