<?xml version="1.0" encoding="UTF-8"?>
<!-- Generated by org.testng.reporters.JUnitReportReporter -->
<testsuite skipped="0" hostname="DESKTOP-U4TDB48" name="com.practicejava.Test21" tests="1" failures="0" timestamp="2021-03-17T17:11:31 IST" time="0.010" errors="0">
  <testcase name="reverseduplicateword" time="0.010" classname="com.practicejava.Test21"/>
  <system-out/>
</testsuite> <!-- com.practicejava.Test21 -->
