<?xml version="1.0" encoding="UTF-8"?>
<!-- Generated by org.testng.reporters.JUnitReportReporter -->
<testsuite skipped="0" hostname="DESKTOP-U4TDB48" name="com.practicejava.Test10" tests="1" failures="0" timestamp="2021-03-16T14:34:45 IST" time="0.008" errors="0">
  <testcase name="reverse1" time="0.008" classname="com.practicejava.Test10"/>
  <system-out/>
</testsuite> <!-- com.practicejava.Test10 -->
