<?xml version="1.0" encoding="UTF-8"?>
<!-- Generated by org.testng.reporters.JUnitReportReporter -->
<testsuite skipped="0" hostname="DESKTOP-U4TDB48" name="com.practicejava.Test1" tests="1" failures="0" timestamp="2021-03-16T13:06:09 IST" time="0.010" errors="0">
  <testcase name="sortingAscendingorder" time="0.010" classname="com.practicejava.Test1"/>
  <system-out/>
</testsuite> <!-- com.practicejava.Test1 -->
