<?xml version="1.0" encoding="UTF-8"?>
<!-- Generated by org.testng.reporters.JUnitReportReporter -->
<testsuite skipped="0" hostname="DESKTOP-U4TDB48" name="com.practicejava.Test36" tests="2" failures="0" timestamp="2021-03-18T22:30:27 IST" time="0.012" errors="0">
  <testcase name="replace2" time="0.002" classname="com.practicejava.Test36"/>
  <system-out/>
  <testcase name="replace" time="0.010" classname="com.practicejava.Test36"/>
  <system-out/>
</testsuite> <!-- com.practicejava.Test36 -->
